<?xml version="1.0" encoding="UTF-8"?>
<!-- Generated by org.testng.reporters.JUnitXMLReporter -->
<testsuite ignored="0" hostname="DESKTOP-8D94ARJ" failures="1" tests="2" name="Test" time="31.242" errors="0" timestamp="2020-04-07T17:41:46 IDT">
  <testcase classname="Test.ExtentReportsDemoWithTestNG" name="test1" time="23.349">
    <failure type="java.lang.AssertionError" message="The following asserts failed:
	Titles not match expected [Google] but found [Goole]">
      <![CDATA[java.lang.AssertionError: The following asserts failed:
Titles not match expected [Google] but found [Goole]
at Test.ExtentReportsDemoWithTestNG.test1(ExtentReportsDemoWithTestNG.java:109)
at java.base/java.util.ArrayList.forEach(ArrayList.java:1540)
... Removed 33 stack frames]]>
    </failure>
  </testcase> <!-- test1 -->
  <testcase classname="Test.ExtentReportsDemoWithTestNG" name="test2" time="0.004"/>
</testsuite> <!-- Test -->
