<?xml version="1.0" encoding="UTF-8"?>
<testsuite xmlns:xsi="http://www.w3.org/2001/XMLSchema-instance" xsi:noNamespaceSchemaLocation="https://maven.apache.org/surefire/maven-surefire-plugin/xsd/surefire-test-report.xsd" name="TestSuite" time="34.313" tests="2" errors="0" skipped="0" failures="1">
  <properties>
[...]
</properties>
  <testcase name="test1" classname="Test.ExtentReportsDemoWithTestNG" time="23.372">
    <failure message="The following asserts failed:&#10;	Titles not match expected [Google] but found [Goole]" type="java.lang.AssertionError">java.lang.AssertionError: 
The following asserts failed:
	Titles not match expected [Google] but found [Goole]
	at Test.ExtentReportsDemoWithTestNG.test1(ExtentReportsDemoWithTestNG.java:109)
</failure>
    <system-err><![CDATA[Starting ChromeDriver 80.0.3987.106 (f68069574609230cf9b635cd784cfb1bf81bb53a-refs/branch-heads/3987@{#882}) on port 6767
Only local connections are allowed.
Please protect ports used by ChromeDriver and related test frameworks to prevent access by malicious code.
[1586270480.052][WARNING]: Timed out connecting to Chrome, retrying...
Apr 07, 2020 5:41:22 PM org.openqa.selenium.remote.ProtocolHandshake createSession
INFO: Detected dialect: W3C
[1586270484.164][SEVERE]: Timed out receiving message from renderer: 0.100
[1586270484.469][SEVERE]: Timed out receiving message from renderer: 0.100
[1586270484.661][SEVERE]: Timed out receiving message from renderer: 0.100
[1586270484.763][SEVERE]: Timed out receiving message from renderer: 0.100
[1586270484.865][SEVERE]: Timed out receiving message from renderer: 0.100
[1586270484.966][SEVERE]: Timed out receiving message from renderer: 0.100
[1586270485.069][SEVERE]: Timed out receiving message from renderer: 0.100
[1586270485.172][SEVERE]: Timed out receiving message from renderer: 0.100
[1586270486.102][SEVERE]: Timed out receiving message from renderer: 0.100
[1586270486.203][SEVERE]: Timed out receiving message from renderer: 0.100
[1586270486.306][SEVERE]: Timed out receiving message from renderer: 0.100
[1586270486.433][SEVERE]: Timed out receiving message from renderer: 0.100
[1586270486.535][SEVERE]: Timed out receiving message from renderer: 0.100
[1586270486.745][SEVERE]: Timed out receiving message from renderer: 0.100
[1586270486.949][SEVERE]: Timed out receiving message from renderer: 0.100
[1586270487.051][SEVERE]: Timed out receiving message from renderer: 0.100
[1586270487.153][SEVERE]: Timed out receiving message from renderer: 0.100
[1586270487.256][SEVERE]: Timed out receiving message from renderer: 0.100
[1586270487.358][SEVERE]: Timed out receiving message from renderer: 0.100
[1586270487.462][SEVERE]: Timed out receiving message from renderer: 0.100
[1586270487.568][SEVERE]: Timed out receiving message from renderer: 0.100
[1586270487.704][SEVERE]: Timed out receiving message from renderer: 0.100
[1586270487.806][SEVERE]: Timed out receiving message from renderer: 0.100
[1586270487.912][SEVERE]: Timed out receiving message from renderer: 0.100
[1586270488.014][SEVERE]: Timed out receiving message from renderer: 0.100
[1586270488.117][SEVERE]: Timed out receiving message from renderer: 0.100
[1586270489.762][SEVERE]: Timed out receiving message from renderer: 0.100
[1586270489.863][SEVERE]: Timed out receiving message from renderer: 0.100
[1586270489.966][SEVERE]: Timed out receiving message from renderer: 0.100
[1586270490.068][SEVERE]: Timed out receiving message from renderer: 0.100
[1586270490.290][SEVERE]: Timed out receiving message from renderer: 0.100
[1586270492.328][SEVERE]: Timed out receiving message from renderer: 0.100
[1586270492.544][SEVERE]: Timed out receiving message from renderer: 0.100
[1586270492.646][SEVERE]: Timed out receiving message from renderer: 0.100
[1586270492.749][SEVERE]: Timed out receiving message from renderer: 0.100
[1586270492.852][SEVERE]: Timed out receiving message from renderer: 0.100
[1586270492.954][SEVERE]: Timed out receiving message from renderer: 0.100
[1586270493.088][SEVERE]: Timed out receiving message from renderer: 0.100
[1586270493.190][SEVERE]: Timed out receiving message from renderer: 0.100
[1586270493.292][SEVERE]: Timed out receiving message from renderer: 0.100
[1586270493.394][SEVERE]: Timed out receiving message from renderer: 0.100
[1586270493.498][SEVERE]: Timed out receiving message from renderer: 0.100
[1586270493.600][SEVERE]: Timed out receiving message from renderer: 0.100
[1586270493.702][SEVERE]: Timed out receiving message from renderer: 0.100
[1586270493.804][SEVERE]: Timed out receiving message from renderer: 0.100
[1586270493.908][SEVERE]: Timed out receiving message from renderer: 0.100
[1586270494.166][SEVERE]: Timed out receiving message from renderer: 0.100
[1586270494.268][SEVERE]: Timed out receiving message from renderer: 0.100
[1586270494.371][SEVERE]: Timed out receiving message from renderer: 0.100
[1586270494.476][SEVERE]: Timed out receiving message from renderer: 0.100
[1586270494.578][SEVERE]: Timed out receiving message from renderer: 0.100
[1586270494.681][SEVERE]: Timed out receiving message from renderer: 0.100
[1586270494.783][SEVERE]: Timed out receiving message from renderer: 0.100
[1586270494.886][SEVERE]: Timed out receiving message from renderer: 0.100
[1586270494.988][SEVERE]: Timed out receiving message from renderer: 0.100
[1586270495.090][SEVERE]: Timed out receiving message from renderer: 0.100
[1586270495.354][SEVERE]: Timed out receiving message from renderer: 0.100
[1586270495.455][SEVERE]: Timed out receiving message from renderer: 0.100
[1586270495.557][SEVERE]: Timed out receiving message from renderer: 0.100
[1586270495.660][SEVERE]: Timed out receiving message from renderer: 0.100
[1586270495.764][SEVERE]: Timed out receiving message from renderer: 0.100
[1586270495.867][SEVERE]: Timed out receiving message from renderer: 0.100
[1586270495.969][SEVERE]: Timed out receiving message from renderer: 0.100
[1586270496.071][SEVERE]: Timed out receiving message from renderer: 0.100
[1586270496.174][SEVERE]: Timed out receiving message from renderer: 0.100
[1586270496.277][SEVERE]: Timed out receiving message from renderer: 0.100
[1586270496.388][SEVERE]: Timed out receiving message from renderer: 0.100
[1586270496.493][SEVERE]: Timed out receiving message from renderer: 0.100
[1586270496.595][SEVERE]: Timed out receiving message from renderer: 0.100
[1586270496.701][SEVERE]: Timed out receiving message from renderer: 0.100
[1586270496.889][SEVERE]: Timed out receiving message from renderer: 0.100
[1586270496.990][SEVERE]: Timed out receiving message from renderer: 0.100
[1586270497.095][SEVERE]: Timed out receiving message from renderer: 0.100
[1586270497.198][SEVERE]: Timed out receiving message from renderer: 0.100
[1586270497.301][SEVERE]: Timed out receiving message from renderer: 0.100
[1586270497.403][SEVERE]: Timed out receiving message from renderer: 0.100
[1586270497.506][SEVERE]: Timed out receiving message from renderer: 0.100
[1586270497.609][SEVERE]: Timed out receiving message from renderer: 0.100
[1586270497.714][SEVERE]: Timed out receiving message from renderer: 0.100
[1586270497.817][SEVERE]: Timed out receiving message from renderer: 0.100
[1586270497.921][SEVERE]: Timed out receiving message from renderer: 0.100
[1586270498.024][SEVERE]: Timed out receiving message from renderer: 0.100
[1586270498.127][SEVERE]: Timed out receiving message from renderer: 0.100
[1586270498.231][SEVERE]: Timed out receiving message from renderer: 0.100
[1586270498.333][SEVERE]: Timed out receiving message from renderer: 0.100
[1586270498.434][SEVERE]: Timed out receiving message from renderer: 0.100
[1586270498.536][SEVERE]: Timed out receiving message from renderer: 0.100
[1586270498.639][SEVERE]: Timed out receiving message from renderer: 0.100
[1586270498.744][SEVERE]: Timed out receiving message from renderer: 0.100
[1586270498.857][SEVERE]: Timed out receiving message from renderer: 0.100
[1586270498.962][SEVERE]: Timed out receiving message from renderer: 0.100
[1586270499.064][SEVERE]: Timed out receiving message from renderer: 0.100
[1586270499.166][SEVERE]: Timed out receiving message from renderer: 0.100
[1586270499.337][SEVERE]: Timed out receiving message from renderer: 0.100
[1586270499.440][SEVERE]: Timed out receiving message from renderer: 0.100
[1586270499.542][SEVERE]: Timed out receiving message from renderer: 0.100
[1586270499.646][SEVERE]: Timed out receiving message from renderer: 0.100
[1586270499.750][SEVERE]: Timed out receiving message from renderer: 0.100
[1586270499.853][SEVERE]: Timed out receiving message from renderer: 0.100
[1586270499.955][SEVERE]: Timed out receiving message from renderer: 0.100
]]></system-err>
  </testcase>
  <testcase name="test2" classname="Test.ExtentReportsDemoWithTestNG" time="0.003"/>
</testsuite>