<?xml version="1.0" encoding="UTF-8"?>
<testng-results ignored="0" total="2" passed="2" failed="0" skipped="0">
  <reporter-output>
  </reporter-output>
  <suite started-at="2020-04-14T16:06:35 IDT" name="Suite" finished-at="2020-04-14T16:07:34 IDT" duration-ms="59618">
    <groups>
    </groups>
    <test started-at="2020-04-14T16:06:35 IDT" name="Test" finished-at="2020-04-14T16:07:34 IDT" duration-ms="59618">
      <class name="Test.ExtentReportsDemoWithTestNG">
        <test-method is-config="true" signature="setUp()[pri:0, instance:Test.ExtentReportsDemoWithTestNG@534df152]" started-at="2020-04-14T16:06:33 IDT" name="setUp" finished-at="2020-04-14T16:06:35 IDT" duration-ms="1194" status="PASS">
          <reporter-output>
          </reporter-output>
        </test-method> <!-- setUp -->
        <test-method is-config="true" signature="setUpTest()[pri:0, instance:Test.ExtentReportsDemoWithTestNG@534df152]" started-at="2020-04-14T16:06:35 IDT" name="setUpTest" finished-at="2020-04-14T16:06:56 IDT" duration-ms="21632" status="PASS">
          <reporter-output>
          </reporter-output>
        </test-method> <!-- setUpTest -->
        <test-method signature="test1()[pri:0, instance:Test.ExtentReportsDemoWithTestNG@534df152]" started-at="2020-04-14T16:06:56 IDT" name="test1" finished-at="2020-04-14T16:07:31 IDT" duration-ms="34882" status="PASS">
          <reporter-output>
          </reporter-output>
        </test-method> <!-- test1 -->
        <test-method is-config="true" signature="getTestResult(org.testng.ITestResult)[pri:0, instance:Test.ExtentReportsDemoWithTestNG@534df152]" started-at="2020-04-14T16:07:31 IDT" name="getTestResult" finished-at="2020-04-14T16:07:32 IDT" duration-ms="519" status="PASS">
          <params>
            <param index="0">
              <value>
                <![CDATA[[TestResult name=test1 status=SUCCESS method=ExtentReportsDemoWithTestNG.test1()[pri:0, instance:Test.ExtentReportsDemoWithTestNG@534df152] output={null}]]]>
              </value>
            </param>
          </params>
          <reporter-output>
          </reporter-output>
        </test-method> <!-- getTestResult -->
        <test-method signature="test2()[pri:0, instance:Test.ExtentReportsDemoWithTestNG@534df152]" started-at="2020-04-14T16:07:32 IDT" name="test2" finished-at="2020-04-14T16:07:32 IDT" duration-ms="8" status="PASS">
          <reporter-output>
          </reporter-output>
        </test-method> <!-- test2 -->
        <test-method is-config="true" signature="getTestResult(org.testng.ITestResult)[pri:0, instance:Test.ExtentReportsDemoWithTestNG@534df152]" started-at="2020-04-14T16:07:32 IDT" name="getTestResult" finished-at="2020-04-14T16:07:32 IDT" duration-ms="1" status="PASS">
          <params>
            <param index="0">
              <value>
                <![CDATA[[TestResult name=test2 status=SUCCESS method=ExtentReportsDemoWithTestNG.test2()[pri:0, instance:Test.ExtentReportsDemoWithTestNG@534df152] output={null}]]]>
              </value>
            </param>
          </params>
          <reporter-output>
          </reporter-output>
        </test-method> <!-- getTestResult -->
        <test-method is-config="true" signature="tearDownTest()[pri:0, instance:Test.ExtentReportsDemoWithTestNG@534df152]" started-at="2020-04-14T16:07:32 IDT" name="tearDownTest" finished-at="2020-04-14T16:07:34 IDT" duration-ms="2515" status="PASS">
          <reporter-output>
          </reporter-output>
        </test-method> <!-- tearDownTest -->
      </class> <!-- Test.ExtentReportsDemoWithTestNG -->
    </test> <!-- Test -->
  </suite> <!-- Suite -->
</testng-results>
